Using pre-set license
Built from '2020.3/staging' branch; Version is '2020.3.13f1 (71691879b7f5) revision 7432472'; Using compiler version '192528614'; Build Type 'Release'
OS: 'Windows 10 Home Single Language; OS build 19041.1110; Version 2004; 64bit' Language: 'pt' Physical Memory: 3971 MB
BatchMode: 1, IsHumanControllingUs: 0, StartBugReporterOnCrash: 0, Is64bit: 1, IsPro: 0

 COMMAND LINE ARGUMENTS:
C:\Program Files\Unity\Hub\Editor\2020.3.13f1\Editor\Unity.exe
-adb2
-batchMode
-noUpm
-name
AssetImportWorker0
-projectPath
C:/Users/aysla/Unity Projects/Two-Sisters
-logFile
Logs/AssetImportWorker0.log
-srvPort
53668
Successfully changed project path to: C:/Users/aysla/Unity Projects/Two-Sisters
C:/Users/aysla/Unity Projects/Two-Sisters
Using Asset Import Pipeline V2.
Refreshing native plugins compatible for Editor in 110.97 ms, found 3 plugins.
Preloading 0 native plugins for Editor in 0.00 ms.
Initialize engine version: 2020.3.13f1 (71691879b7f5)
[Subsystems] Discovering subsystems at path C:/Program Files/Unity/Hub/Editor/2020.3.13f1/Editor/Data/Resources/UnitySubsystems
[Subsystems] Discovering subsystems at path C:/Users/aysla/Unity Projects/Two-Sisters/Assets
GfxDevice: creating device client; threaded=0
Direct3D:
    Version:  Direct3D 11.0 [level 11.1]
    Renderer: Intel(R) HD Graphics 620 (ID=0x5916)
    Vendor:   
    VRAM:     1985 MB
    Driver:   26.20.100.7261
Initialize mono
Mono path[0] = 'C:/Program Files/Unity/Hub/Editor/2020.3.13f1/Editor/Data/Managed'
Mono path[1] = 'C:/Program Files/Unity/Hub/Editor/2020.3.13f1/Editor/Data/MonoBleedingEdge/lib/mono/unityjit'
Mono config path = 'C:/Program Files/Unity/Hub/Editor/2020.3.13f1/Editor/Data/MonoBleedingEdge/etc'
Using monoOptions --debugger-agent=transport=dt_socket,embedding=1,server=y,suspend=n,address=127.0.0.1:56336
Begin MonoManager ReloadAssembly
Registering precompiled unity dll's ...
Register platform support module: C:/Program Files/Unity/Hub/Editor/2020.3.13f1/Editor/Data/PlaybackEngines/WindowsStandaloneSupport/UnityEditor.WindowsStandalone.Extensions.dll
Registered in 0.004980 seconds.
Native extension for WindowsStandalone target not found
Refreshing native plugins compatible for Editor in 131.59 ms, found 3 plugins.
Preloading 0 native plugins for Editor in 0.00 ms.
Mono: successfully reloaded assembly
- Completed reload, in  3.047 seconds
Platform modules already initialized, skipping
Registering precompiled user dll's ...
Registered in 0.023103 seconds.
Begin MonoManager ReloadAssembly
Native extension for WindowsStandalone target not found
Refreshing native plugins compatible for Editor in 101.83 ms, found 3 plugins.
Preloading 0 native plugins for Editor in 0.00 ms.
Mono: successfully reloaded assembly
- Completed reload, in  2.868 seconds
Platform modules already initialized, skipping
========================================================================
Worker process is ready to serve import requests
Launched and connected shader compiler UnityShaderCompiler.exe after 0.17 seconds
Refreshing native plugins compatible for Editor in 0.85 ms, found 3 plugins.
Preloading 0 native plugins for Editor in 0.00 ms.
Unloading 2087 Unused Serialized files (Serialized files now loaded: 0)
System memory in use before: 93.0 MB.
System memory in use after: 93.1 MB.

Unloading 28 unused Assets to reduce memory usage. Loaded Objects now: 2526.
Total: 4.841500 ms (FindLiveObjects: 0.354200 ms CreateObjectMapping: 0.184100 ms MarkObjects: 4.120800 ms  DeleteObjects: 0.180000 ms)

AssetImportParameters requested are different than current active one (requested -> active):
  custom:framework-win-MediaFoundation: 216162199b28c13a410421893ffa2e32 -> 
  custom:video-decoder-ogg-theora: a1e56fd34408186e4bbccfd4996cb3dc -> 
  custom:container-muxer-webm: aa71ff27fc2769a1b78a27578f13a17b -> 
  custom:container-demuxer-webm: 4f35f7cbe854078d1ac9338744f61a02 -> 
  custom:container-demuxer-ogg: 62fdf1f143b41e24485cea50d1cbac27 -> 
  custom:video-encoder-webm-vp8: eb34c28f22e8b96e1ab97ce403110664 -> 
  custom:video-decoder-webm-vp8: 9c59270c3fd7afecdb556c50c9e8de78 -> 
  custom:audio-decoder-ogg-vorbis: bf7c407c2cedff20999df2af8eb42d56 -> 
  custom:audio-encoder-webm-vorbis: bf7c407c2cedff20999df2af8eb42d56 -> 
========================================================================
Received Import Request.
  path: Assets/Scenes/SampleScene.unity
  artifactKey: Guid(2cda990e2423bbf4892e6590ba056729) Importer(815301076,1909f56bfc062723c751e8b465ee728b)
Start importing Assets/Scenes/SampleScene.unity using Guid(2cda990e2423bbf4892e6590ba056729) Importer(815301076,1909f56bfc062723c751e8b465ee728b)  -> (artifact id: '60131851d91ddc4d6e68301efa5dd658') in 0.109194 seconds 
  Import took 0.125622 seconds .

========================================================================
Received Import Request.
  Time since last request: 15.547709 seconds.
  path: Assets/Scenes/Dead.unity
  artifactKey: Guid(3000c54e240d973408c94c032a43b78c) Importer(815301076,1909f56bfc062723c751e8b465ee728b)
Start importing Assets/Scenes/Dead.unity using Guid(3000c54e240d973408c94c032a43b78c) Importer(815301076,1909f56bfc062723c751e8b465ee728b)  -> (artifact id: 'df0989cd3fbbb85dc72c3742c03c2ec5') in 0.030580 seconds 
  Import took 0.060093 seconds .

========================================================================
Received Import Request.
  Time since last request: 23.933417 seconds.
  path: Assets/Scenes/Fase1.unity
  artifactKey: Guid(d226b0f904f52eb499cf16d704c73bc7) Importer(815301076,1909f56bfc062723c751e8b465ee728b)
Start importing Assets/Scenes/Fase1.unity using Guid(d226b0f904f52eb499cf16d704c73bc7) Importer(815301076,1909f56bfc062723c751e8b465ee728b)  -> (artifact id: '73e13f9d7edb263e766cefc9559d4be3') in 0.020726 seconds 
  Import took 0.041117 seconds .

========================================================================
Received Import Request.
  Time since last request: 2.481422 seconds.
  path: Assets/Scenes/Fase2.unity
  artifactKey: Guid(7be7df26d927f79479cd5849f6cabc3a) Importer(815301076,1909f56bfc062723c751e8b465ee728b)
Start importing Assets/Scenes/Fase2.unity using Guid(7be7df26d927f79479cd5849f6cabc3a) Importer(815301076,1909f56bfc062723c751e8b465ee728b)  -> (artifact id: '8f8a5b3fc4967b280d6bd95b28dab036') in 0.013865 seconds 
  Import took 0.031842 seconds .

========================================================================
Received Import Request.
  Time since last request: 0.002116 seconds.
  path: Assets/Scenes/Fase2.unity
  artifactKey: Guid(7be7df26d927f79479cd5849f6cabc3a) Importer(815301076,1909f56bfc062723c751e8b465ee728b)
Start importing Assets/Scenes/Fase2.unity using Guid(7be7df26d927f79479cd5849f6cabc3a) Importer(815301076,1909f56bfc062723c751e8b465ee728b)  -> (artifact id: '8f8a5b3fc4967b280d6bd95b28dab036') in 0.007569 seconds 
  Import took 0.026547 seconds .

========================================================================
Received Import Request.
  Time since last request: 2.430380 seconds.
  path: Assets/Scenes/Fase3.unity
  artifactKey: Guid(b533fc9e3c2c40d4cbd3023e15b772f7) Importer(815301076,1909f56bfc062723c751e8b465ee728b)
Start importing Assets/Scenes/Fase3.unity using Guid(b533fc9e3c2c40d4cbd3023e15b772f7) Importer(815301076,1909f56bfc062723c751e8b465ee728b)  -> (artifact id: '7c057e093b490869ca34d8c3f6a70a19') in 0.013801 seconds 
  Import took 0.037068 seconds .

========================================================================
Received Import Request.
  Time since last request: 1.933793 seconds.
  path: Assets/Scenes/Fase4.unity
  artifactKey: Guid(cd58172de58fa534394d8b64e09f25a4) Importer(815301076,1909f56bfc062723c751e8b465ee728b)
Start importing Assets/Scenes/Fase4.unity using Guid(cd58172de58fa534394d8b64e09f25a4) Importer(815301076,1909f56bfc062723c751e8b465ee728b)  -> (artifact id: 'cd8e8e59bb714929954fab3b57f58028') in 0.014997 seconds 
  Import took 0.033468 seconds .

========================================================================
Received Import Request.
  Time since last request: 4.913478 seconds.
  path: Assets/Scenes/You Win.unity
  artifactKey: Guid(4d7988ea1d71708448b1aac2cc807f35) Importer(815301076,1909f56bfc062723c751e8b465ee728b)
Start importing Assets/Scenes/You Win.unity using Guid(4d7988ea1d71708448b1aac2cc807f35) Importer(815301076,1909f56bfc062723c751e8b465ee728b)  -> (artifact id: '8fea1d6384c513e636bc0e49bc924f69') in 0.021108 seconds 
  Import took 0.027712 seconds .

========================================================================
Received Import Request.
  Time since last request: 0.000724 seconds.
  path: Assets/Scenes/You Win.unity
  artifactKey: Guid(4d7988ea1d71708448b1aac2cc807f35) Importer(815301076,1909f56bfc062723c751e8b465ee728b)
Start importing Assets/Scenes/You Win.unity using Guid(4d7988ea1d71708448b1aac2cc807f35) Importer(815301076,1909f56bfc062723c751e8b465ee728b)  -> (artifact id: '8fea1d6384c513e636bc0e49bc924f69') in 0.006267 seconds 
  Import took 0.013037 seconds .

========================================================================
Received Import Request.
  Time since last request: 14.472411 seconds.
  path: Assets/Scripts/PlayersMov.cs
  artifactKey: Guid(5962d9bc684408f44a3826bff3b85225) Importer(815301076,1909f56bfc062723c751e8b465ee728b)
Start importing Assets/Scripts/PlayersMov.cs using Guid(5962d9bc684408f44a3826bff3b85225) Importer(815301076,1909f56bfc062723c751e8b465ee728b)  -> (artifact id: '505aaa86ace6fbdef3e860d66b54c5b8') in 0.131396 seconds 
  Import took 0.161839 seconds .

========================================================================
Received Import Request.
  Time since last request: 0.170646 seconds.
  path: Assets/Scripts/PlayersMov.cs
  artifactKey: Guid(5962d9bc684408f44a3826bff3b85225) Importer(815301076,1909f56bfc062723c751e8b465ee728b)
Start importing Assets/Scripts/PlayersMov.cs using Guid(5962d9bc684408f44a3826bff3b85225) Importer(815301076,1909f56bfc062723c751e8b465ee728b)  -> (artifact id: '505aaa86ace6fbdef3e860d66b54c5b8') in 0.016724 seconds 
  Import took 0.030292 seconds .

